/BATCH  
/COM,ANSYS RELEASE Release 19.2      BUILD 19.2      UP20180808       17:54:43
/input,menust,tmp,''
/GRA,POWER
/GST,ON
/PLO,INFO,3
/GRO,CURL,ON
/CPLANE,1   
/REPLOT,RESIZE  
WPSTYLE,,,,,,,,0
/REPLOT,RESIZE  
/REPLOT,RESIZE  
/REPLOT,RESIZE  
/REPLOT,RESIZE  
/REPLOT,RESIZE  
/REPLOT,RESIZE  
FINISH  
! /EXIT,NOSAV   
/BATCH  
/COM,ANSYS RELEASE Release 19.2      BUILD 19.2      UP20180808       17:59:52
/input,menust,tmp,''
/GRA,POWER
/GST,ON
/PLO,INFO,3
/GRO,CURL,ON
/CPLANE,1   
/REPLOT,RESIZE  
WPSTYLE,,,,,,,,0
/REPLOT,RESIZE  
/REPLOT,RESIZE  
/REPLOT,RESIZE  
/REPLOT,RESIZE  
/REPLOT,RESIZE  
/REPLOT,RESIZE  
example 
/COM,ANSYS RELEASE Release 19.2      BUILD 19.2      UP20180808       18:00:49
/REPLOT,RESIZE  
EPLOT   
VPLOT   
EPLOT   
FINISH  
! /EXIT,NOSAV   
/BATCH  
/COM,ANSYS RELEASE Release 19.2      BUILD 19.2      UP20180808       16:04:31
/input,menust,tmp,''
/GRA,POWER
/GST,ON
/PLO,INFO,3
/GRO,CURL,ON
/CPLANE,1   
/REPLOT,RESIZE  
WPSTYLE,,,,,,,,0
/REPLOT,RESIZE  
! ETC   
ECT 
/COM,ANSYS RELEASE Release 19.2      BUILD 19.2      UP20180808       16:05:32
/PNUM,KP,0  
/PNUM,LINE,0
/PNUM,AREA,0
/PNUM,VOLU,0
/PNUM,NODE,0
/PNUM,TABN,0
/PNUM,SVAL,0
/PNUM,DOMA,0
/NUMBER,0   
!*  
/PNUM,ELEM,1
/REPLOT 
!*  
FINISH  
! /EXIT,NOSAV   
/BATCH  
/COM,ANSYS RELEASE Release 19.2      BUILD 19.2      UP20180808       10:07:35
/input,menust,tmp,''
/GRA,POWER
/GST,ON
/PLO,INFO,3
/GRO,CURL,ON
/CPLANE,1   
/REPLOT,RESIZE  
WPSTYLE,,,,,,,,0
ect 
/COM,ANSYS RELEASE Release 19.2      BUILD 19.2      UP20180808       10:09:17
FINISH  
! /EXIT,NOSAV   
/BATCH  
/COM,ANSYS RELEASE Release 19.2      BUILD 19.2      UP20180808       10:44:39
/input,menust,tmp,''
/GRA,POWER
/GST,ON
/PLO,INFO,3
/GRO,CURL,ON
/CPLANE,1   
/REPLOT,RESIZE  
WPSTYLE,,,,,,,,0
ect 
/COM,ANSYS RELEASE Release 19.2      BUILD 19.2      UP20180808       10:45:06
/DIST, 1 ,0.924021,1
/REP,FAST   
/DIST, 1 ,0.924021,1
/REP,FAST   
/DIST, 1 ,0.924021,1
/REP,FAST   
/DIST, 1 ,0.924021,1
/REP,FAST   
/DIST, 1 ,0.924021,1
/REP,FAST   
/DIST, 1 ,0.924021,1
/REP,FAST   
/DIST, 1 ,0.924021,1
/REP,FAST   
/DIST, 1 ,0.924021,1
/REP,FAST   
/DIST, 1 ,0.924021,1
/REP,FAST   
/DIST, 1 ,1.082226,1
/REP,FAST   
/DIST, 1 ,1.082226,1
/REP,FAST   
/DIST, 1 ,1.082226,1
/REP,FAST   
/DIST, 1 ,1.082226,1
/REP,FAST   
/DIST, 1 ,1.082226,1
/REP,FAST   
/DIST, 1 ,1.082226,1
/REP,FAST   
/DIST, 1 ,1.082226,1
/REP,FAST   
/DIST, 1 ,1.082226,1
/REP,FAST   
/DIST, 1 ,1.082226,1
/REP,FAST   
/DIST, 1 ,1.082226,1
/REP,FAST   
/DIST, 1 ,1.082226,1
/REP,FAST   
/DIST, 1 ,1.082226,1
/REP,FAST   
/DIST, 1 ,1.082226,1
/REP,FAST   
ect 
/COM,ANSYS RELEASE Release 19.2      BUILD 19.2      UP20180808       10:47:28
ect 
/COM,ANSYS RELEASE Release 19.2      BUILD 19.2      UP20180808       10:50:25
ect 
/COM,ANSYS RELEASE Release 19.2      BUILD 19.2      UP20180808       10:55:17
ect 
/COM,ANSYS RELEASE Release 19.2      BUILD 19.2      UP20180808       10:56:21
/BATCH  
/COM,ANSYS RELEASE Release 19.2      BUILD 19.2      UP20180808       11:00:18
/input,menust,tmp,''
/GRA,POWER
/GST,ON
/PLO,INFO,3
/GRO,CURL,ON
/CPLANE,1   
/REPLOT,RESIZE  
WPSTYLE,,,,,,,,0
ect 
/COM,ANSYS RELEASE Release 19.2      BUILD 19.2      UP20180808       11:00:28
ect 
/COM,ANSYS RELEASE Release 19.2      BUILD 19.2      UP20180808       11:02:20
ect 
/COM,ANSYS RELEASE Release 19.2      BUILD 19.2      UP20180808       11:05:04
ect 
/COM,ANSYS RELEASE Release 19.2      BUILD 19.2      UP20180808       11:05:36
ect 
/COM,ANSYS RELEASE Release 19.2      BUILD 19.2      UP20180808       11:10:17
/REPLOT,RESIZE  
ect 
/COM,ANSYS RELEASE Release 19.2      BUILD 19.2      UP20180808       12:22:59
ect 
/COM,ANSYS RELEASE Release 19.2      BUILD 19.2      UP20180808       12:24:10
ect 
/COM,ANSYS RELEASE Release 19.2      BUILD 19.2      UP20180808       12:26:32
ect 
/COM,ANSYS RELEASE Release 19.2      BUILD 19.2      UP20180808       12:27:17
FINISH  
! /EXIT,NOSAV   
/BATCH  
/COM,ANSYS RELEASE Release 19.2      BUILD 19.2      UP20180808       12:30:25
/input,menust,tmp,''
/GRA,POWER
/GST,ON
/PLO,INFO,3
/GRO,CURL,ON
/DIST, 1 ,1.082226,1
/REP,FAST   
/CPLANE,1   
/REPLOT,RESIZE  
WPSTYLE,,,,,,,,0
ect 
/COM,ANSYS RELEASE Release 19.2      BUILD 19.2      UP20180808       12:34:56
/REPLOT,RESIZE  
/REPLOT,RESIZE  
FINISH  
! /EXIT,NOSAV   
/BATCH  
/COM,ANSYS RELEASE Release 19.2      BUILD 19.2      UP20180808       12:39:43
/input,menust,tmp,''
/GRA,POWER
/GST,ON
/PLO,INFO,3
/GRO,CURL,ON
/CPLANE,1   
/REPLOT,RESIZE  
WPSTYLE,,,,,,,,0
/DIST, 1 ,1.082226,1
/REP,FAST   
/DIST, 1 ,1.082226,1
/REP,FAST   
/DIST, 1 ,1.082226,1
/REP,FAST   
/DIST, 1 ,1.082226,1
/REP,FAST   
/DIST, 1 ,1.082226,1
/REP,FAST   
/DIST, 1 ,1.082226,1
/REP,FAST   
/DIST, 1 ,1.082226,1
/REP,FAST   
/DIST, 1 ,1.082226,1
/REP,FAST   
/DIST, 1 ,1.082226,1
/REP,FAST   
/DIST, 1 ,1.082226,1
/REP,FAST   
/DIST, 1 ,0.924021,1
/REP,FAST   
/DIST, 1 ,0.924021,1
/REP,FAST   
/DIST, 1 ,0.924021,1
/REP,FAST   
/DIST, 1 ,0.924021,1
/REP,FAST   
/DIST, 1 ,0.924021,1
/REP,FAST   
/DIST, 1 ,0.924021,1
/REP,FAST   
/DIST, 1 ,0.924021,1
/REP,FAST   
/REPLOT,RESIZE  
/REPLOT,RESIZE  
FINISH  
! /EXIT,NOSAV   
/BATCH  
/COM,ANSYS RELEASE Release 19.2      BUILD 19.2      UP20180808       12:40:39
/input,menust,tmp,''
/GRA,POWER
/GST,ON
/PLO,INFO,3
/GRO,CURL,ON
/CPLANE,1   
/REPLOT,RESIZE  
WPSTYLE,,,,,,,,0
FINISH  
! /EXIT,NOSAV   
/BATCH  
/COM,ANSYS RELEASE Release 19.2      BUILD 19.2      UP20180808       12:52:00
/input,menust,tmp,''
/GRA,POWER
/GST,ON
/PLO,INFO,3
/GRO,CURL,ON
/CPLANE,1   
/REPLOT,RESIZE  
WPSTYLE,,,,,,,,0
ect 
/COM,ANSYS RELEASE Release 19.2      BUILD 19.2      UP20180808       12:52:07
ect 
/COM,ANSYS RELEASE Release 19.2      BUILD 19.2      UP20180808       13:00:47
ect 
/COM,ANSYS RELEASE Release 19.2      BUILD 19.2      UP20180808       13:02:06
